<?xml version="1.0" encoding="UTF-8"?>
<!-- Generated by org.testng.reporters.JUnitReportReporter -->
<testsuite hostname="LAPTOP-EPP5AGB4" failures="0" tests="1" name="Demo.Test1" time="0.006" errors="0" timestamp="2023-01-09T16:02:42 IST" skipped="0">
  <testcase classname="Demo.Test1" name="m1" time="0.006"/>
  <system-out>
    <![CDATA[hello]]>
  </system-out>
</testsuite> <!-- Demo.Test1 -->
